<?xml version="1.0" encoding="UTF-8"?>
<testsuite xmlns:xsi="http://www.w3.org/2001/XMLSchema-instance" xsi:noNamespaceSchemaLocation="https://maven.apache.org/surefire/maven-surefire-plugin/xsd/surefire-test-report.xsd" name="com.microgestion.keycloak.AppTest" time="0.036" tests="1" errors="0" skipped="0" failures="0">
  <properties>
    <property name="java.specification.version" value="21"/>
    <property name="sun.jnu.encoding" value="UTF-8"/>
    <property name="java.class.path" value="/home/rovi/Desktop/mi-autenticador/target/test-classes:/home/rovi/Desktop/mi-autenticador/target/classes:/home/rovi/.m2/repository/org/keycloak/keycloak-server-spi/26.1.4/keycloak-server-spi-26.1.4.jar:/home/rovi/.m2/repository/org/keycloak/keycloak-server-spi-private/26.1.4/keycloak-server-spi-private-26.1.4.jar:/home/rovi/.m2/repository/org/apache/httpcomponents/httpclient/4.5.14/httpclient-4.5.14.jar:/home/rovi/.m2/repository/org/apache/httpcomponents/httpcore/4.4.16/httpcore-4.4.16.jar:/home/rovi/.m2/repository/commons-codec/commons-codec/1.11/commons-codec-1.11.jar:/home/rovi/.m2/repository/io/opentelemetry/opentelemetry-api/1.39.0/opentelemetry-api-1.39.0.jar:/home/rovi/.m2/repository/io/opentelemetry/opentelemetry-context/1.39.0/opentelemetry-context-1.39.0.jar:/home/rovi/.m2/repository/org/keycloak/keycloak-common/26.1.4/keycloak-common-26.1.4.jar:/home/rovi/.m2/repository/jakarta/activation/jakarta.activation-api/2.1.3/jakarta.activation-api-2.1.3.jar:/home/rovi/.m2/repository/org/keycloak/keycloak-services/26.1.4/keycloak-services-26.1.4.jar:/home/rovi/.m2/repository/org/keycloak/keycloak-core/26.1.4/keycloak-core-26.1.4.jar:/home/rovi/.m2/repository/com/fasterxml/jackson/datatype/jackson-datatype-jsr310/2.17.2/jackson-datatype-jsr310-2.17.2.jar:/home/rovi/.m2/repository/jakarta/mail/jakarta.mail-api/2.1.1/jakarta.mail-api-2.1.1.jar:/home/rovi/.m2/repository/org/eclipse/angus/angus-mail/2.0.3/angus-mail-2.0.3.jar:/home/rovi/.m2/repository/org/eclipse/angus/angus-activation/2.0.2/angus-activation-2.0.2.jar:/home/rovi/.m2/repository/org/twitter4j/twitter4j-core/4.1.2/twitter4j-core-4.1.2.jar:/home/rovi/.m2/repository/org/jboss/logging/jboss-logging/3.6.0.Final/jboss-logging-3.6.0.Final.jar:/home/rovi/.m2/repository/org/jboss/logging/commons-logging-jboss-logging/1.0.0.Final/commons-logging-jboss-logging-1.0.0.Final.jar:/home/rovi/.m2/repository/jakarta/ws/rs/jakarta.ws.rs-api/3.1.0/jakarta.ws.rs-api-3.1.0.jar:/home/rovi/.m2/repository/jakarta/transaction/jakarta.transaction-api/2.0.1/jakarta.transaction-api-2.0.1.jar:/home/rovi/.m2/repository/jakarta/xml/soap/jakarta.xml.soap-api/3.0.0/jakarta.xml.soap-api-3.0.0.jar:/home/rovi/.m2/repository/com/googlecode/owasp-java-html-sanitizer/owasp-java-html-sanitizer/20240325.1/owasp-java-html-sanitizer-20240325.1.jar:/home/rovi/.m2/repository/com/googlecode/owasp-java-html-sanitizer/java8-shim/20240325.1/java8-shim-20240325.1.jar:/home/rovi/.m2/repository/com/googlecode/owasp-java-html-sanitizer/java10-shim/20240325.1/java10-shim-20240325.1.jar:/home/rovi/.m2/repository/com/fasterxml/jackson/core/jackson-core/2.17.2/jackson-core-2.17.2.jar:/home/rovi/.m2/repository/com/fasterxml/jackson/core/jackson-annotations/2.17.2/jackson-annotations-2.17.2.jar:/home/rovi/.m2/repository/javax/annotation/javax.annotation-api/1.3.2/javax.annotation-api-1.3.2.jar:/home/rovi/.m2/repository/com/fasterxml/jackson/datatype/jackson-datatype-jdk8/2.17.2/jackson-datatype-jdk8-2.17.2.jar:/home/rovi/.m2/repository/com/google/zxing/javase/3.4.0/javase-3.4.0.jar:/home/rovi/.m2/repository/com/google/zxing/core/3.4.0/core-3.4.0.jar:/home/rovi/.m2/repository/com/github/jai-imageio/jai-imageio-core/1.4.0/jai-imageio-core-1.4.0.jar:/home/rovi/.m2/repository/com/apicatalog/titanium-json-ld/1.3.3/titanium-json-ld-1.3.3.jar:/home/rovi/.m2/repository/io/setl/rdf-urdna/1.1/rdf-urdna-1.1.jar:/home/rovi/.m2/repository/com/webauthn4j/webauthn4j-core/0.21.5.RELEASE/webauthn4j-core-0.21.5.RELEASE.jar:/home/rovi/.m2/repository/com/webauthn4j/webauthn4j-util/0.21.5.RELEASE/webauthn4j-util-0.21.5.RELEASE.jar:/home/rovi/.m2/repository/org/slf4j/slf4j-api/2.0.7/slf4j-api-2.0.7.jar:/home/rovi/.m2/repository/org/apache/kerby/kerby-asn1/2.0.3/kerby-asn1-2.0.3.jar:/home/rovi/.m2/repository/com/fasterxml/jackson/dataformat/jackson-dataformat-cbor/2.15.2/jackson-dataformat-cbor-2.15.2.jar:/home/rovi/.m2/repository/org/checkerframework/checker-qual/3.36.0/checker-qual-3.36.0.jar:/home/rovi/.m2/repository/com/github/ua-parser/uap-java/1.5.4/uap-java-1.5.4.jar:/home/rovi/.m2/repository/org/apache/commons/commons-collections4/4.4/commons-collections4-4.4.jar:/home/rovi/.m2/repository/org/eclipse/microprofile/openapi/microprofile-openapi-api/3.1.1/microprofile-openapi-api-3.1.1.jar:/home/rovi/.m2/repository/io/smallrye/common/smallrye-common-annotation/2.6.0/smallrye-common-annotation-2.6.0.jar:/home/rovi/.m2/repository/org/keycloak/keycloak-model-storage-private/26.1.4/keycloak-model-storage-private-26.1.4.jar:/home/rovi/.m2/repository/org/keycloak/keycloak-model-storage/26.1.4/keycloak-model-storage-26.1.4.jar:/home/rovi/.m2/repository/org/keycloak/keycloak-config-api/26.1.4/keycloak-config-api-26.1.4.jar:/home/rovi/.m2/repository/org/infinispan/infinispan-commons/15.0.14.Final/infinispan-commons-15.0.14.Final.jar:/home/rovi/.m2/repository/org/infinispan/protostream/protostream/5.0.13.Final/protostream-5.0.13.Final.jar:/home/rovi/.m2/repository/org/infinispan/protostream/protostream-types/5.0.13.Final/protostream-types-5.0.13.Final.jar:/home/rovi/.m2/repository/org/infinispan/protostream/protostream-processor/5.0.13.Final/protostream-processor-5.0.13.Final.jar:/home/rovi/.m2/repository/com/github/ben-manes/caffeine/caffeine/3.1.8/caffeine-3.1.8.jar:/home/rovi/.m2/repository/io/reactivex/rxjava3/rxjava/3.1.10/rxjava-3.1.10.jar:/home/rovi/.m2/repository/org/reactivestreams/reactive-streams/1.0.4/reactive-streams-1.0.4.jar:/home/rovi/.m2/repository/io/quarkus/quarkus-opentelemetry/3.15.3.1/quarkus-opentelemetry-3.15.3.1.jar:/home/rovi/.m2/repository/io/quarkus/quarkus-core/3.15.3.1/quarkus-core-3.15.3.1.jar:/home/rovi/.m2/repository/jakarta/annotation/jakarta.annotation-api/3.0.0/jakarta.annotation-api-3.0.0.jar:/home/rovi/.m2/repository/jakarta/enterprise/jakarta.enterprise.cdi-api/4.1.0/jakarta.enterprise.cdi-api-4.1.0.jar:/home/rovi/.m2/repository/jakarta/enterprise/jakarta.enterprise.lang-model/4.1.0/jakarta.enterprise.lang-model-4.1.0.jar:/home/rovi/.m2/repository/jakarta/el/jakarta.el-api/6.0.0/jakarta.el-api-6.0.0.jar:/home/rovi/.m2/repository/jakarta/interceptor/jakarta.interceptor-api/2.2.0/jakarta.interceptor-api-2.2.0.jar:/home/rovi/.m2/repository/jakarta/inject/jakarta.inject-api/2.0.1/jakarta.inject-api-2.0.1.jar:/home/rovi/.m2/repository/io/smallrye/common/smallrye-common-os/2.6.0/smallrye-common-os-2.6.0.jar:/home/rovi/.m2/repository/io/quarkus/quarkus-ide-launcher/3.15.3.1/quarkus-ide-launcher-3.15.3.1.jar:/home/rovi/.m2/repository/io/quarkus/quarkus-development-mode-spi/3.15.3.1/quarkus-development-mode-spi-3.15.3.1.jar:/home/rovi/.m2/repository/io/smallrye/config/smallrye-config/3.9.1/smallrye-config-3.9.1.jar:/home/rovi/.m2/repository/io/smallrye/config/smallrye-config-core/3.9.1/smallrye-config-core-3.9.1.jar:/home/rovi/.m2/repository/org/eclipse/microprofile/config/microprofile-config-api/3.1/microprofile-config-api-3.1.jar:/home/rovi/.m2/repository/io/smallrye/common/smallrye-common-classloader/2.4.0/smallrye-common-classloader-2.4.0.jar:/home/rovi/.m2/repository/org/ow2/asm/asm/9.7/asm-9.7.jar:/home/rovi/.m2/repository/io/smallrye/config/smallrye-config-common/3.9.1/smallrye-config-common-3.9.1.jar:/home/rovi/.m2/repository/org/jboss/logmanager/jboss-logmanager/3.1.1.Final/jboss-logmanager-3.1.1.Final.jar:/home/rovi/.m2/repository/io/smallrye/common/smallrye-common-cpu/2.2.0/smallrye-common-cpu-2.2.0.jar:/home/rovi/.m2/repository/io/smallrye/common/smallrye-common-expression/2.2.0/smallrye-common-expression-2.2.0.jar:/home/rovi/.m2/repository/io/smallrye/common/smallrye-common-function/2.2.0/smallrye-common-function-2.2.0.jar:/home/rovi/.m2/repository/io/smallrye/common/smallrye-common-net/2.2.0/smallrye-common-net-2.2.0.jar:/home/rovi/.m2/repository/io/smallrye/common/smallrye-common-ref/2.2.0/smallrye-common-ref-2.2.0.jar:/home/rovi/.m2/repository/jakarta/json/jakarta.json-api/2.1.3/jakarta.json-api-2.1.3.jar:/home/rovi/.m2/repository/org/eclipse/parsson/parsson/1.1.6/parsson-1.1.6.jar:/home/rovi/.m2/repository/org/jboss/logging/jboss-logging-annotations/3.0.1.Final/jboss-logging-annotations-3.0.1.Final.jar:/home/rovi/.m2/repository/org/jboss/threads/jboss-threads/3.6.1.Final/jboss-threads-3.6.1.Final.jar:/home/rovi/.m2/repository/org/jboss/slf4j/slf4j-jboss-logmanager/2.0.0.Final/slf4j-jboss-logmanager-2.0.0.Final.jar:/home/rovi/.m2/repository/org/wildfly/common/wildfly-common/1.7.0.Final/wildfly-common-1.7.0.Final.jar:/home/rovi/.m2/repository/io/quarkus/quarkus-bootstrap-runner/3.15.3.1/quarkus-bootstrap-runner-3.15.3.1.jar:/home/rovi/.m2/repository/io/quarkus/quarkus-classloader-commons/3.15.3.1/quarkus-classloader-commons-3.15.3.1.jar:/home/rovi/.m2/repository/io/smallrye/common/smallrye-common-io/2.6.0/smallrye-common-io-2.6.0.jar:/home/rovi/.m2/repository/io/github/crac/org-crac/0.1.3/org-crac-0.1.3.jar:/home/rovi/.m2/repository/io/quarkus/quarkus-fs-util/0.0.10/quarkus-fs-util-0.0.10.jar:/home/rovi/.m2/repository/io/quarkus/quarkus-tls-registry/3.15.3.1/quarkus-tls-registry-3.15.3.1.jar:/home/rovi/.m2/repository/io/quarkus/quarkus-credentials/3.15.3.1/quarkus-credentials-3.15.3.1.jar:/home/rovi/.m2/repository/io/quarkus/quarkus-arc/3.15.3.1/quarkus-arc-3.15.3.1.jar:/home/rovi/.m2/repository/io/quarkus/arc/arc/3.15.3.1/arc-3.15.3.1.jar:/home/rovi/.m2/repository/io/smallrye/reactive/mutiny/2.6.2/mutiny-2.6.2.jar:/home/rovi/.m2/repository/org/jctools/jctools-core/4.0.5/jctools-core-4.0.5.jar:/home/rovi/.m2/repository/org/eclipse/microprofile/context-propagation/microprofile-context-propagation-api/1.3/microprofile-context-propagation-api-1.3.jar:/home/rovi/.m2/repository/io/quarkus/quarkus-vertx/3.15.3.1/quarkus-vertx-3.15.3.1.jar:/home/rovi/.m2/repository/io/quarkus/quarkus-netty/3.15.3.1/quarkus-netty-3.15.3.1.jar:/home/rovi/.m2/repository/io/netty/netty-codec/4.1.118.Final/netty-codec-4.1.118.Final.jar:/home/rovi/.m2/repository/io/netty/netty-codec-http/4.1.118.Final/netty-codec-http-4.1.118.Final.jar:/home/rovi/.m2/repository/io/netty/netty-codec-http2/4.1.118.Final/netty-codec-http2-4.1.118.Final.jar:/home/rovi/.m2/repository/io/netty/netty-handler/4.1.118.Final/netty-handler-4.1.118.Final.jar:/home/rovi/.m2/repository/io/netty/netty-transport-native-unix-common/4.1.118.Final/netty-transport-native-unix-common-4.1.118.Final.jar:/home/rovi/.m2/repository/com/aayushatharva/brotli4j/brotli4j/1.16.0/brotli4j-1.16.0.jar:/home/rovi/.m2/repository/com/aayushatharva/brotli4j/service/1.16.0/service-1.16.0.jar:/home/rovi/.m2/repository/com/aayushatharva/brotli4j/native-linux-x86_64/1.16.0/native-linux-x86_64-1.16.0.jar:/home/rovi/.m2/repository/io/netty/netty-codec-haproxy/4.1.118.Final/netty-codec-haproxy-4.1.118.Final.jar:/home/rovi/.m2/repository/io/netty/netty-buffer/4.1.118.Final/netty-buffer-4.1.118.Final.jar:/home/rovi/.m2/repository/io/netty/netty-transport/4.1.118.Final/netty-transport-4.1.118.Final.jar:/home/rovi/.m2/repository/io/quarkus/quarkus-mutiny/3.15.3.1/quarkus-mutiny-3.15.3.1.jar:/home/rovi/.m2/repository/io/quarkus/quarkus-smallrye-context-propagation/3.15.3.1/quarkus-smallrye-context-propagation-3.15.3.1.jar:/home/rovi/.m2/repository/io/smallrye/smallrye-context-propagation/2.1.2/smallrye-context-propagation-2.1.2.jar:/home/rovi/.m2/repository/io/smallrye/smallrye-context-propagation-api/2.1.2/smallrye-context-propagation-api-2.1.2.jar:/home/rovi/.m2/repository/io/smallrye/smallrye-context-propagation-storage/2.1.2/smallrye-context-propagation-storage-2.1.2.jar:/home/rovi/.m2/repository/io/smallrye/reactive/mutiny-smallrye-context-propagation/2.6.2/mutiny-smallrye-context-propagation-2.6.2.jar:/home/rovi/.m2/repository/io/quarkus/quarkus-virtual-threads/3.15.3.1/quarkus-virtual-threads-3.15.3.1.jar:/home/rovi/.m2/repository/io/quarkus/quarkus-vertx-latebound-mdc-provider/3.15.3.1/quarkus-vertx-latebound-mdc-provider-3.15.3.1.jar:/home/rovi/.m2/repository/io/smallrye/reactive/smallrye-mutiny-vertx-core/3.16.0/smallrye-mutiny-vertx-core-3.16.0.jar:/home/rovi/.m2/repository/io/smallrye/reactive/smallrye-mutiny-vertx-runtime/3.16.0/smallrye-mutiny-vertx-runtime-3.16.0.jar:/home/rovi/.m2/repository/io/smallrye/reactive/vertx-mutiny-generator/3.16.0/vertx-mutiny-generator-3.16.0.jar:/home/rovi/.m2/repository/io/vertx/vertx-codegen/4.5.11/vertx-codegen-4.5.11.jar:/home/rovi/.m2/repository/io/smallrye/smallrye-fault-tolerance-vertx/6.4.0/smallrye-fault-tolerance-vertx-6.4.0.jar:/home/rovi/.m2/repository/io/quarkus/quarkus-security-runtime-spi/3.15.3.1/quarkus-security-runtime-spi-3.15.3.1.jar:/home/rovi/.m2/repository/io/quarkus/security/quarkus-security/2.1.0/quarkus-security-2.1.0.jar:/home/rovi/.m2/repository/io/quarkus/quarkus-grpc-common/3.15.3.1/quarkus-grpc-common-3.15.3.1.jar:/home/rovi/.m2/repository/com/google/code/findbugs/jsr305/3.0.2/jsr305-3.0.2.jar:/home/rovi/.m2/repository/io/vertx/vertx-grpc/4.5.11/vertx-grpc-4.5.11.jar:/home/rovi/.m2/repository/io/grpc/grpc-netty/1.65.0/grpc-netty-1.65.0.jar:/home/rovi/.m2/repository/io/grpc/grpc-util/1.65.0/grpc-util-1.65.0.jar:/home/rovi/.m2/repository/io/grpc/grpc-protobuf/1.65.0/grpc-protobuf-1.65.0.jar:/home/rovi/.m2/repository/com/google/protobuf/protobuf-java/3.25.1/protobuf-java-3.25.1.jar:/home/rovi/.m2/repository/com/google/api/grpc/proto-google-common-protos/2.29.0/proto-google-common-protos-2.29.0.jar:/home/rovi/.m2/repository/io/grpc/grpc-protobuf-lite/1.65.0/grpc-protobuf-lite-1.65.0.jar:/home/rovi/.m2/repository/com/google/guava/guava/32.1.2-jre/guava-32.1.2-jre.jar:/home/rovi/.m2/repository/com/google/guava/failureaccess/1.0.1/failureaccess-1.0.1.jar:/home/rovi/.m2/repository/com/google/guava/listenablefuture/9999.0-empty-to-avoid-conflict-with-guava/listenablefuture-9999.0-empty-to-avoid-conflict-with-guava.jar:/home/rovi/.m2/repository/com/google/j2objc/j2objc-annotations/2.8/j2objc-annotations-2.8.jar:/home/rovi/.m2/repository/io/vertx/vertx-grpc-server/4.5.11/vertx-grpc-server-4.5.11.jar:/home/rovi/.m2/repository/io/grpc/grpc-core/1.65.1/grpc-core-1.65.1.jar:/home/rovi/.m2/repository/com/google/code/gson/gson/2.10.1/gson-2.10.1.jar:/home/rovi/.m2/repository/com/google/errorprone/error_prone_annotations/2.23.0/error_prone_annotations-2.23.0.jar:/home/rovi/.m2/repository/io/perfmark/perfmark-api/0.26.0/perfmark-api-0.26.0.jar:/home/rovi/.m2/repository/io/grpc/grpc-context/1.65.1/grpc-context-1.65.1.jar:/home/rovi/.m2/repository/io/smallrye/common/smallrye-common-vertx-context/2.6.0/smallrye-common-vertx-context-2.6.0.jar:/home/rovi/.m2/repository/io/vertx/vertx-core/4.5.9/vertx-core-4.5.9.jar:/home/rovi/.m2/repository/io/netty/netty-common/4.1.111.Final/netty-common-4.1.111.Final.jar:/home/rovi/.m2/repository/io/netty/netty-handler-proxy/4.1.111.Final/netty-handler-proxy-4.1.111.Final.jar:/home/rovi/.m2/repository/io/netty/netty-codec-socks/4.1.111.Final/netty-codec-socks-4.1.111.Final.jar:/home/rovi/.m2/repository/io/netty/netty-resolver/4.1.111.Final/netty-resolver-4.1.111.Final.jar:/home/rovi/.m2/repository/io/netty/netty-resolver-dns/4.1.111.Final/netty-resolver-dns-4.1.111.Final.jar:/home/rovi/.m2/repository/io/netty/netty-codec-dns/4.1.111.Final/netty-codec-dns-4.1.111.Final.jar:/home/rovi/.m2/repository/io/smallrye/common/smallrye-common-constraint/2.6.0/smallrye-common-constraint-2.6.0.jar:/home/rovi/.m2/repository/io/opentelemetry/opentelemetry-sdk-extension-autoconfigure/1.39.0/opentelemetry-sdk-extension-autoconfigure-1.39.0.jar:/home/rovi/.m2/repository/io/opentelemetry/opentelemetry-sdk/1.39.0/opentelemetry-sdk-1.39.0.jar:/home/rovi/.m2/repository/io/opentelemetry/opentelemetry-sdk-common/1.39.0/opentelemetry-sdk-common-1.39.0.jar:/home/rovi/.m2/repository/io/opentelemetry/opentelemetry-sdk-trace/1.39.0/opentelemetry-sdk-trace-1.39.0.jar:/home/rovi/.m2/repository/io/opentelemetry/opentelemetry-sdk-metrics/1.39.0/opentelemetry-sdk-metrics-1.39.0.jar:/home/rovi/.m2/repository/io/opentelemetry/opentelemetry-sdk-logs/1.39.0/opentelemetry-sdk-logs-1.39.0.jar:/home/rovi/.m2/repository/io/opentelemetry/opentelemetry-sdk-extension-autoconfigure-spi/1.39.0/opentelemetry-sdk-extension-autoconfigure-spi-1.39.0.jar:/home/rovi/.m2/repository/io/opentelemetry/semconv/opentelemetry-semconv/1.26.0-alpha/opentelemetry-semconv-1.26.0-alpha.jar:/home/rovi/.m2/repository/io/opentelemetry/opentelemetry-api-incubator/1.39.0-alpha/opentelemetry-api-incubator-1.39.0-alpha.jar:/home/rovi/.m2/repository/io/opentelemetry/instrumentation/opentelemetry-instrumentation-api/2.5.0/opentelemetry-instrumentation-api-2.5.0.jar:/home/rovi/.m2/repository/io/opentelemetry/instrumentation/opentelemetry-instrumentation-annotations/2.5.0/opentelemetry-instrumentation-annotations-2.5.0.jar:/home/rovi/.m2/repository/io/opentelemetry/instrumentation/opentelemetry-instrumentation-annotations-support/2.5.0-alpha/opentelemetry-instrumentation-annotations-support-2.5.0-alpha.jar:/home/rovi/.m2/repository/io/opentelemetry/semconv/opentelemetry-semconv-incubating/1.25.0-alpha/opentelemetry-semconv-incubating-1.25.0-alpha.jar:/home/rovi/.m2/repository/io/opentelemetry/instrumentation/opentelemetry-instrumentation-api-incubator/2.5.0-alpha/opentelemetry-instrumentation-api-incubator-2.5.0-alpha.jar:/home/rovi/.m2/repository/io/opentelemetry/opentelemetry-exporter-otlp-common/1.39.0/opentelemetry-exporter-otlp-common-1.39.0.jar:/home/rovi/.m2/repository/io/opentelemetry/opentelemetry-exporter-common/1.39.0/opentelemetry-exporter-common-1.39.0.jar:/home/rovi/.m2/repository/io/opentelemetry/opentelemetry-exporter-otlp/1.39.0/opentelemetry-exporter-otlp-1.39.0.jar:/home/rovi/.m2/repository/io/opentelemetry/opentelemetry-exporter-sender-okhttp/1.39.0/opentelemetry-exporter-sender-okhttp-1.39.0.jar:/home/rovi/.m2/repository/io/vertx/vertx-grpc-client/4.5.11/vertx-grpc-client-4.5.11.jar:/home/rovi/.m2/repository/io/vertx/vertx-grpc-common/4.5.11/vertx-grpc-common-4.5.11.jar:/home/rovi/.m2/repository/io/grpc/grpc-stub/1.65.0/grpc-stub-1.65.0.jar:/home/rovi/.m2/repository/io/grpc/grpc-api/1.65.0/grpc-api-1.65.0.jar:/home/rovi/.m2/repository/com/fasterxml/jackson/core/jackson-databind/2.14.2/jackson-databind-2.14.2.jar:/home/rovi/.m2/repository/junit/junit/4.13.2/junit-4.13.2.jar:/home/rovi/.m2/repository/org/hamcrest/hamcrest-core/1.3/hamcrest-core-1.3.jar:"/>
    <property name="java.vm.vendor" value="Ubuntu"/>
    <property name="sun.arch.data.model" value="64"/>
    <property name="java.vendor.url" value="https://ubuntu.com/"/>
    <property name="os.name" value="Linux"/>
    <property name="java.vm.specification.version" value="21"/>
    <property name="sun.java.launcher" value="SUN_STANDARD"/>
    <property name="user.country" value="US"/>
    <property name="sun.boot.library.path" value="/usr/lib/jvm/java-21-openjdk-amd64/lib"/>
    <property name="sun.java.command" value="/home/rovi/Desktop/mi-autenticador/target/surefire/surefirebooter16713291028713427558.jar /home/rovi/Desktop/mi-autenticador/target/surefire 2025-07-07T20-43-56_389-jvmRun1 surefire3873240750627825180tmp surefire_018067500893371417431tmp"/>
    <property name="jdk.debug" value="release"/>
    <property name="surefire.test.class.path" value="/home/rovi/Desktop/mi-autenticador/target/test-classes:/home/rovi/Desktop/mi-autenticador/target/classes:/home/rovi/.m2/repository/org/keycloak/keycloak-server-spi/26.1.4/keycloak-server-spi-26.1.4.jar:/home/rovi/.m2/repository/org/keycloak/keycloak-server-spi-private/26.1.4/keycloak-server-spi-private-26.1.4.jar:/home/rovi/.m2/repository/org/apache/httpcomponents/httpclient/4.5.14/httpclient-4.5.14.jar:/home/rovi/.m2/repository/org/apache/httpcomponents/httpcore/4.4.16/httpcore-4.4.16.jar:/home/rovi/.m2/repository/commons-codec/commons-codec/1.11/commons-codec-1.11.jar:/home/rovi/.m2/repository/io/opentelemetry/opentelemetry-api/1.39.0/opentelemetry-api-1.39.0.jar:/home/rovi/.m2/repository/io/opentelemetry/opentelemetry-context/1.39.0/opentelemetry-context-1.39.0.jar:/home/rovi/.m2/repository/org/keycloak/keycloak-common/26.1.4/keycloak-common-26.1.4.jar:/home/rovi/.m2/repository/jakarta/activation/jakarta.activation-api/2.1.3/jakarta.activation-api-2.1.3.jar:/home/rovi/.m2/repository/org/keycloak/keycloak-services/26.1.4/keycloak-services-26.1.4.jar:/home/rovi/.m2/repository/org/keycloak/keycloak-core/26.1.4/keycloak-core-26.1.4.jar:/home/rovi/.m2/repository/com/fasterxml/jackson/datatype/jackson-datatype-jsr310/2.17.2/jackson-datatype-jsr310-2.17.2.jar:/home/rovi/.m2/repository/jakarta/mail/jakarta.mail-api/2.1.1/jakarta.mail-api-2.1.1.jar:/home/rovi/.m2/repository/org/eclipse/angus/angus-mail/2.0.3/angus-mail-2.0.3.jar:/home/rovi/.m2/repository/org/eclipse/angus/angus-activation/2.0.2/angus-activation-2.0.2.jar:/home/rovi/.m2/repository/org/twitter4j/twitter4j-core/4.1.2/twitter4j-core-4.1.2.jar:/home/rovi/.m2/repository/org/jboss/logging/jboss-logging/3.6.0.Final/jboss-logging-3.6.0.Final.jar:/home/rovi/.m2/repository/org/jboss/logging/commons-logging-jboss-logging/1.0.0.Final/commons-logging-jboss-logging-1.0.0.Final.jar:/home/rovi/.m2/repository/jakarta/ws/rs/jakarta.ws.rs-api/3.1.0/jakarta.ws.rs-api-3.1.0.jar:/home/rovi/.m2/repository/jakarta/transaction/jakarta.transaction-api/2.0.1/jakarta.transaction-api-2.0.1.jar:/home/rovi/.m2/repository/jakarta/xml/soap/jakarta.xml.soap-api/3.0.0/jakarta.xml.soap-api-3.0.0.jar:/home/rovi/.m2/repository/com/googlecode/owasp-java-html-sanitizer/owasp-java-html-sanitizer/20240325.1/owasp-java-html-sanitizer-20240325.1.jar:/home/rovi/.m2/repository/com/googlecode/owasp-java-html-sanitizer/java8-shim/20240325.1/java8-shim-20240325.1.jar:/home/rovi/.m2/repository/com/googlecode/owasp-java-html-sanitizer/java10-shim/20240325.1/java10-shim-20240325.1.jar:/home/rovi/.m2/repository/com/fasterxml/jackson/core/jackson-core/2.17.2/jackson-core-2.17.2.jar:/home/rovi/.m2/repository/com/fasterxml/jackson/core/jackson-annotations/2.17.2/jackson-annotations-2.17.2.jar:/home/rovi/.m2/repository/javax/annotation/javax.annotation-api/1.3.2/javax.annotation-api-1.3.2.jar:/home/rovi/.m2/repository/com/fasterxml/jackson/datatype/jackson-datatype-jdk8/2.17.2/jackson-datatype-jdk8-2.17.2.jar:/home/rovi/.m2/repository/com/google/zxing/javase/3.4.0/javase-3.4.0.jar:/home/rovi/.m2/repository/com/google/zxing/core/3.4.0/core-3.4.0.jar:/home/rovi/.m2/repository/com/github/jai-imageio/jai-imageio-core/1.4.0/jai-imageio-core-1.4.0.jar:/home/rovi/.m2/repository/com/apicatalog/titanium-json-ld/1.3.3/titanium-json-ld-1.3.3.jar:/home/rovi/.m2/repository/io/setl/rdf-urdna/1.1/rdf-urdna-1.1.jar:/home/rovi/.m2/repository/com/webauthn4j/webauthn4j-core/0.21.5.RELEASE/webauthn4j-core-0.21.5.RELEASE.jar:/home/rovi/.m2/repository/com/webauthn4j/webauthn4j-util/0.21.5.RELEASE/webauthn4j-util-0.21.5.RELEASE.jar:/home/rovi/.m2/repository/org/slf4j/slf4j-api/2.0.7/slf4j-api-2.0.7.jar:/home/rovi/.m2/repository/org/apache/kerby/kerby-asn1/2.0.3/kerby-asn1-2.0.3.jar:/home/rovi/.m2/repository/com/fasterxml/jackson/dataformat/jackson-dataformat-cbor/2.15.2/jackson-dataformat-cbor-2.15.2.jar:/home/rovi/.m2/repository/org/checkerframework/checker-qual/3.36.0/checker-qual-3.36.0.jar:/home/rovi/.m2/repository/com/github/ua-parser/uap-java/1.5.4/uap-java-1.5.4.jar:/home/rovi/.m2/repository/org/apache/commons/commons-collections4/4.4/commons-collections4-4.4.jar:/home/rovi/.m2/repository/org/eclipse/microprofile/openapi/microprofile-openapi-api/3.1.1/microprofile-openapi-api-3.1.1.jar:/home/rovi/.m2/repository/io/smallrye/common/smallrye-common-annotation/2.6.0/smallrye-common-annotation-2.6.0.jar:/home/rovi/.m2/repository/org/keycloak/keycloak-model-storage-private/26.1.4/keycloak-model-storage-private-26.1.4.jar:/home/rovi/.m2/repository/org/keycloak/keycloak-model-storage/26.1.4/keycloak-model-storage-26.1.4.jar:/home/rovi/.m2/repository/org/keycloak/keycloak-config-api/26.1.4/keycloak-config-api-26.1.4.jar:/home/rovi/.m2/repository/org/infinispan/infinispan-commons/15.0.14.Final/infinispan-commons-15.0.14.Final.jar:/home/rovi/.m2/repository/org/infinispan/protostream/protostream/5.0.13.Final/protostream-5.0.13.Final.jar:/home/rovi/.m2/repository/org/infinispan/protostream/protostream-types/5.0.13.Final/protostream-types-5.0.13.Final.jar:/home/rovi/.m2/repository/org/infinispan/protostream/protostream-processor/5.0.13.Final/protostream-processor-5.0.13.Final.jar:/home/rovi/.m2/repository/com/github/ben-manes/caffeine/caffeine/3.1.8/caffeine-3.1.8.jar:/home/rovi/.m2/repository/io/reactivex/rxjava3/rxjava/3.1.10/rxjava-3.1.10.jar:/home/rovi/.m2/repository/org/reactivestreams/reactive-streams/1.0.4/reactive-streams-1.0.4.jar:/home/rovi/.m2/repository/io/quarkus/quarkus-opentelemetry/3.15.3.1/quarkus-opentelemetry-3.15.3.1.jar:/home/rovi/.m2/repository/io/quarkus/quarkus-core/3.15.3.1/quarkus-core-3.15.3.1.jar:/home/rovi/.m2/repository/jakarta/annotation/jakarta.annotation-api/3.0.0/jakarta.annotation-api-3.0.0.jar:/home/rovi/.m2/repository/jakarta/enterprise/jakarta.enterprise.cdi-api/4.1.0/jakarta.enterprise.cdi-api-4.1.0.jar:/home/rovi/.m2/repository/jakarta/enterprise/jakarta.enterprise.lang-model/4.1.0/jakarta.enterprise.lang-model-4.1.0.jar:/home/rovi/.m2/repository/jakarta/el/jakarta.el-api/6.0.0/jakarta.el-api-6.0.0.jar:/home/rovi/.m2/repository/jakarta/interceptor/jakarta.interceptor-api/2.2.0/jakarta.interceptor-api-2.2.0.jar:/home/rovi/.m2/repository/jakarta/inject/jakarta.inject-api/2.0.1/jakarta.inject-api-2.0.1.jar:/home/rovi/.m2/repository/io/smallrye/common/smallrye-common-os/2.6.0/smallrye-common-os-2.6.0.jar:/home/rovi/.m2/repository/io/quarkus/quarkus-ide-launcher/3.15.3.1/quarkus-ide-launcher-3.15.3.1.jar:/home/rovi/.m2/repository/io/quarkus/quarkus-development-mode-spi/3.15.3.1/quarkus-development-mode-spi-3.15.3.1.jar:/home/rovi/.m2/repository/io/smallrye/config/smallrye-config/3.9.1/smallrye-config-3.9.1.jar:/home/rovi/.m2/repository/io/smallrye/config/smallrye-config-core/3.9.1/smallrye-config-core-3.9.1.jar:/home/rovi/.m2/repository/org/eclipse/microprofile/config/microprofile-config-api/3.1/microprofile-config-api-3.1.jar:/home/rovi/.m2/repository/io/smallrye/common/smallrye-common-classloader/2.4.0/smallrye-common-classloader-2.4.0.jar:/home/rovi/.m2/repository/org/ow2/asm/asm/9.7/asm-9.7.jar:/home/rovi/.m2/repository/io/smallrye/config/smallrye-config-common/3.9.1/smallrye-config-common-3.9.1.jar:/home/rovi/.m2/repository/org/jboss/logmanager/jboss-logmanager/3.1.1.Final/jboss-logmanager-3.1.1.Final.jar:/home/rovi/.m2/repository/io/smallrye/common/smallrye-common-cpu/2.2.0/smallrye-common-cpu-2.2.0.jar:/home/rovi/.m2/repository/io/smallrye/common/smallrye-common-expression/2.2.0/smallrye-common-expression-2.2.0.jar:/home/rovi/.m2/repository/io/smallrye/common/smallrye-common-function/2.2.0/smallrye-common-function-2.2.0.jar:/home/rovi/.m2/repository/io/smallrye/common/smallrye-common-net/2.2.0/smallrye-common-net-2.2.0.jar:/home/rovi/.m2/repository/io/smallrye/common/smallrye-common-ref/2.2.0/smallrye-common-ref-2.2.0.jar:/home/rovi/.m2/repository/jakarta/json/jakarta.json-api/2.1.3/jakarta.json-api-2.1.3.jar:/home/rovi/.m2/repository/org/eclipse/parsson/parsson/1.1.6/parsson-1.1.6.jar:/home/rovi/.m2/repository/org/jboss/logging/jboss-logging-annotations/3.0.1.Final/jboss-logging-annotations-3.0.1.Final.jar:/home/rovi/.m2/repository/org/jboss/threads/jboss-threads/3.6.1.Final/jboss-threads-3.6.1.Final.jar:/home/rovi/.m2/repository/org/jboss/slf4j/slf4j-jboss-logmanager/2.0.0.Final/slf4j-jboss-logmanager-2.0.0.Final.jar:/home/rovi/.m2/repository/org/wildfly/common/wildfly-common/1.7.0.Final/wildfly-common-1.7.0.Final.jar:/home/rovi/.m2/repository/io/quarkus/quarkus-bootstrap-runner/3.15.3.1/quarkus-bootstrap-runner-3.15.3.1.jar:/home/rovi/.m2/repository/io/quarkus/quarkus-classloader-commons/3.15.3.1/quarkus-classloader-commons-3.15.3.1.jar:/home/rovi/.m2/repository/io/smallrye/common/smallrye-common-io/2.6.0/smallrye-common-io-2.6.0.jar:/home/rovi/.m2/repository/io/github/crac/org-crac/0.1.3/org-crac-0.1.3.jar:/home/rovi/.m2/repository/io/quarkus/quarkus-fs-util/0.0.10/quarkus-fs-util-0.0.10.jar:/home/rovi/.m2/repository/io/quarkus/quarkus-tls-registry/3.15.3.1/quarkus-tls-registry-3.15.3.1.jar:/home/rovi/.m2/repository/io/quarkus/quarkus-credentials/3.15.3.1/quarkus-credentials-3.15.3.1.jar:/home/rovi/.m2/repository/io/quarkus/quarkus-arc/3.15.3.1/quarkus-arc-3.15.3.1.jar:/home/rovi/.m2/repository/io/quarkus/arc/arc/3.15.3.1/arc-3.15.3.1.jar:/home/rovi/.m2/repository/io/smallrye/reactive/mutiny/2.6.2/mutiny-2.6.2.jar:/home/rovi/.m2/repository/org/jctools/jctools-core/4.0.5/jctools-core-4.0.5.jar:/home/rovi/.m2/repository/org/eclipse/microprofile/context-propagation/microprofile-context-propagation-api/1.3/microprofile-context-propagation-api-1.3.jar:/home/rovi/.m2/repository/io/quarkus/quarkus-vertx/3.15.3.1/quarkus-vertx-3.15.3.1.jar:/home/rovi/.m2/repository/io/quarkus/quarkus-netty/3.15.3.1/quarkus-netty-3.15.3.1.jar:/home/rovi/.m2/repository/io/netty/netty-codec/4.1.118.Final/netty-codec-4.1.118.Final.jar:/home/rovi/.m2/repository/io/netty/netty-codec-http/4.1.118.Final/netty-codec-http-4.1.118.Final.jar:/home/rovi/.m2/repository/io/netty/netty-codec-http2/4.1.118.Final/netty-codec-http2-4.1.118.Final.jar:/home/rovi/.m2/repository/io/netty/netty-handler/4.1.118.Final/netty-handler-4.1.118.Final.jar:/home/rovi/.m2/repository/io/netty/netty-transport-native-unix-common/4.1.118.Final/netty-transport-native-unix-common-4.1.118.Final.jar:/home/rovi/.m2/repository/com/aayushatharva/brotli4j/brotli4j/1.16.0/brotli4j-1.16.0.jar:/home/rovi/.m2/repository/com/aayushatharva/brotli4j/service/1.16.0/service-1.16.0.jar:/home/rovi/.m2/repository/com/aayushatharva/brotli4j/native-linux-x86_64/1.16.0/native-linux-x86_64-1.16.0.jar:/home/rovi/.m2/repository/io/netty/netty-codec-haproxy/4.1.118.Final/netty-codec-haproxy-4.1.118.Final.jar:/home/rovi/.m2/repository/io/netty/netty-buffer/4.1.118.Final/netty-buffer-4.1.118.Final.jar:/home/rovi/.m2/repository/io/netty/netty-transport/4.1.118.Final/netty-transport-4.1.118.Final.jar:/home/rovi/.m2/repository/io/quarkus/quarkus-mutiny/3.15.3.1/quarkus-mutiny-3.15.3.1.jar:/home/rovi/.m2/repository/io/quarkus/quarkus-smallrye-context-propagation/3.15.3.1/quarkus-smallrye-context-propagation-3.15.3.1.jar:/home/rovi/.m2/repository/io/smallrye/smallrye-context-propagation/2.1.2/smallrye-context-propagation-2.1.2.jar:/home/rovi/.m2/repository/io/smallrye/smallrye-context-propagation-api/2.1.2/smallrye-context-propagation-api-2.1.2.jar:/home/rovi/.m2/repository/io/smallrye/smallrye-context-propagation-storage/2.1.2/smallrye-context-propagation-storage-2.1.2.jar:/home/rovi/.m2/repository/io/smallrye/reactive/mutiny-smallrye-context-propagation/2.6.2/mutiny-smallrye-context-propagation-2.6.2.jar:/home/rovi/.m2/repository/io/quarkus/quarkus-virtual-threads/3.15.3.1/quarkus-virtual-threads-3.15.3.1.jar:/home/rovi/.m2/repository/io/quarkus/quarkus-vertx-latebound-mdc-provider/3.15.3.1/quarkus-vertx-latebound-mdc-provider-3.15.3.1.jar:/home/rovi/.m2/repository/io/smallrye/reactive/smallrye-mutiny-vertx-core/3.16.0/smallrye-mutiny-vertx-core-3.16.0.jar:/home/rovi/.m2/repository/io/smallrye/reactive/smallrye-mutiny-vertx-runtime/3.16.0/smallrye-mutiny-vertx-runtime-3.16.0.jar:/home/rovi/.m2/repository/io/smallrye/reactive/vertx-mutiny-generator/3.16.0/vertx-mutiny-generator-3.16.0.jar:/home/rovi/.m2/repository/io/vertx/vertx-codegen/4.5.11/vertx-codegen-4.5.11.jar:/home/rovi/.m2/repository/io/smallrye/smallrye-fault-tolerance-vertx/6.4.0/smallrye-fault-tolerance-vertx-6.4.0.jar:/home/rovi/.m2/repository/io/quarkus/quarkus-security-runtime-spi/3.15.3.1/quarkus-security-runtime-spi-3.15.3.1.jar:/home/rovi/.m2/repository/io/quarkus/security/quarkus-security/2.1.0/quarkus-security-2.1.0.jar:/home/rovi/.m2/repository/io/quarkus/quarkus-grpc-common/3.15.3.1/quarkus-grpc-common-3.15.3.1.jar:/home/rovi/.m2/repository/com/google/code/findbugs/jsr305/3.0.2/jsr305-3.0.2.jar:/home/rovi/.m2/repository/io/vertx/vertx-grpc/4.5.11/vertx-grpc-4.5.11.jar:/home/rovi/.m2/repository/io/grpc/grpc-netty/1.65.0/grpc-netty-1.65.0.jar:/home/rovi/.m2/repository/io/grpc/grpc-util/1.65.0/grpc-util-1.65.0.jar:/home/rovi/.m2/repository/io/grpc/grpc-protobuf/1.65.0/grpc-protobuf-1.65.0.jar:/home/rovi/.m2/repository/com/google/protobuf/protobuf-java/3.25.1/protobuf-java-3.25.1.jar:/home/rovi/.m2/repository/com/google/api/grpc/proto-google-common-protos/2.29.0/proto-google-common-protos-2.29.0.jar:/home/rovi/.m2/repository/io/grpc/grpc-protobuf-lite/1.65.0/grpc-protobuf-lite-1.65.0.jar:/home/rovi/.m2/repository/com/google/guava/guava/32.1.2-jre/guava-32.1.2-jre.jar:/home/rovi/.m2/repository/com/google/guava/failureaccess/1.0.1/failureaccess-1.0.1.jar:/home/rovi/.m2/repository/com/google/guava/listenablefuture/9999.0-empty-to-avoid-conflict-with-guava/listenablefuture-9999.0-empty-to-avoid-conflict-with-guava.jar:/home/rovi/.m2/repository/com/google/j2objc/j2objc-annotations/2.8/j2objc-annotations-2.8.jar:/home/rovi/.m2/repository/io/vertx/vertx-grpc-server/4.5.11/vertx-grpc-server-4.5.11.jar:/home/rovi/.m2/repository/io/grpc/grpc-core/1.65.1/grpc-core-1.65.1.jar:/home/rovi/.m2/repository/com/google/code/gson/gson/2.10.1/gson-2.10.1.jar:/home/rovi/.m2/repository/com/google/errorprone/error_prone_annotations/2.23.0/error_prone_annotations-2.23.0.jar:/home/rovi/.m2/repository/io/perfmark/perfmark-api/0.26.0/perfmark-api-0.26.0.jar:/home/rovi/.m2/repository/io/grpc/grpc-context/1.65.1/grpc-context-1.65.1.jar:/home/rovi/.m2/repository/io/smallrye/common/smallrye-common-vertx-context/2.6.0/smallrye-common-vertx-context-2.6.0.jar:/home/rovi/.m2/repository/io/vertx/vertx-core/4.5.9/vertx-core-4.5.9.jar:/home/rovi/.m2/repository/io/netty/netty-common/4.1.111.Final/netty-common-4.1.111.Final.jar:/home/rovi/.m2/repository/io/netty/netty-handler-proxy/4.1.111.Final/netty-handler-proxy-4.1.111.Final.jar:/home/rovi/.m2/repository/io/netty/netty-codec-socks/4.1.111.Final/netty-codec-socks-4.1.111.Final.jar:/home/rovi/.m2/repository/io/netty/netty-resolver/4.1.111.Final/netty-resolver-4.1.111.Final.jar:/home/rovi/.m2/repository/io/netty/netty-resolver-dns/4.1.111.Final/netty-resolver-dns-4.1.111.Final.jar:/home/rovi/.m2/repository/io/netty/netty-codec-dns/4.1.111.Final/netty-codec-dns-4.1.111.Final.jar:/home/rovi/.m2/repository/io/smallrye/common/smallrye-common-constraint/2.6.0/smallrye-common-constraint-2.6.0.jar:/home/rovi/.m2/repository/io/opentelemetry/opentelemetry-sdk-extension-autoconfigure/1.39.0/opentelemetry-sdk-extension-autoconfigure-1.39.0.jar:/home/rovi/.m2/repository/io/opentelemetry/opentelemetry-sdk/1.39.0/opentelemetry-sdk-1.39.0.jar:/home/rovi/.m2/repository/io/opentelemetry/opentelemetry-sdk-common/1.39.0/opentelemetry-sdk-common-1.39.0.jar:/home/rovi/.m2/repository/io/opentelemetry/opentelemetry-sdk-trace/1.39.0/opentelemetry-sdk-trace-1.39.0.jar:/home/rovi/.m2/repository/io/opentelemetry/opentelemetry-sdk-metrics/1.39.0/opentelemetry-sdk-metrics-1.39.0.jar:/home/rovi/.m2/repository/io/opentelemetry/opentelemetry-sdk-logs/1.39.0/opentelemetry-sdk-logs-1.39.0.jar:/home/rovi/.m2/repository/io/opentelemetry/opentelemetry-sdk-extension-autoconfigure-spi/1.39.0/opentelemetry-sdk-extension-autoconfigure-spi-1.39.0.jar:/home/rovi/.m2/repository/io/opentelemetry/semconv/opentelemetry-semconv/1.26.0-alpha/opentelemetry-semconv-1.26.0-alpha.jar:/home/rovi/.m2/repository/io/opentelemetry/opentelemetry-api-incubator/1.39.0-alpha/opentelemetry-api-incubator-1.39.0-alpha.jar:/home/rovi/.m2/repository/io/opentelemetry/instrumentation/opentelemetry-instrumentation-api/2.5.0/opentelemetry-instrumentation-api-2.5.0.jar:/home/rovi/.m2/repository/io/opentelemetry/instrumentation/opentelemetry-instrumentation-annotations/2.5.0/opentelemetry-instrumentation-annotations-2.5.0.jar:/home/rovi/.m2/repository/io/opentelemetry/instrumentation/opentelemetry-instrumentation-annotations-support/2.5.0-alpha/opentelemetry-instrumentation-annotations-support-2.5.0-alpha.jar:/home/rovi/.m2/repository/io/opentelemetry/semconv/opentelemetry-semconv-incubating/1.25.0-alpha/opentelemetry-semconv-incubating-1.25.0-alpha.jar:/home/rovi/.m2/repository/io/opentelemetry/instrumentation/opentelemetry-instrumentation-api-incubator/2.5.0-alpha/opentelemetry-instrumentation-api-incubator-2.5.0-alpha.jar:/home/rovi/.m2/repository/io/opentelemetry/opentelemetry-exporter-otlp-common/1.39.0/opentelemetry-exporter-otlp-common-1.39.0.jar:/home/rovi/.m2/repository/io/opentelemetry/opentelemetry-exporter-common/1.39.0/opentelemetry-exporter-common-1.39.0.jar:/home/rovi/.m2/repository/io/opentelemetry/opentelemetry-exporter-otlp/1.39.0/opentelemetry-exporter-otlp-1.39.0.jar:/home/rovi/.m2/repository/io/opentelemetry/opentelemetry-exporter-sender-okhttp/1.39.0/opentelemetry-exporter-sender-okhttp-1.39.0.jar:/home/rovi/.m2/repository/io/vertx/vertx-grpc-client/4.5.11/vertx-grpc-client-4.5.11.jar:/home/rovi/.m2/repository/io/vertx/vertx-grpc-common/4.5.11/vertx-grpc-common-4.5.11.jar:/home/rovi/.m2/repository/io/grpc/grpc-stub/1.65.0/grpc-stub-1.65.0.jar:/home/rovi/.m2/repository/io/grpc/grpc-api/1.65.0/grpc-api-1.65.0.jar:/home/rovi/.m2/repository/com/fasterxml/jackson/core/jackson-databind/2.14.2/jackson-databind-2.14.2.jar:/home/rovi/.m2/repository/junit/junit/4.13.2/junit-4.13.2.jar:/home/rovi/.m2/repository/org/hamcrest/hamcrest-core/1.3/hamcrest-core-1.3.jar:"/>
    <property name="sun.cpu.endian" value="little"/>
    <property name="user.home" value="/home/rovi"/>
    <property name="user.language" value="en"/>
    <property name="java.specification.vendor" value="Oracle Corporation"/>
    <property name="java.version.date" value="2024-10-15"/>
    <property name="java.home" value="/usr/lib/jvm/java-21-openjdk-amd64"/>
    <property name="file.separator" value="/"/>
    <property name="basedir" value="/home/rovi/Desktop/mi-autenticador"/>
    <property name="java.vm.compressedOopsMode" value="Zero based"/>
    <property name="line.separator" value="&#10;"/>
    <property name="java.specification.name" value="Java Platform API Specification"/>
    <property name="java.vm.specification.vendor" value="Oracle Corporation"/>
    <property name="surefire.real.class.path" value="/home/rovi/Desktop/mi-autenticador/target/surefire/surefirebooter16713291028713427558.jar"/>
    <property name="sun.management.compiler" value="HotSpot 64-Bit Tiered Compilers"/>
    <property name="java.runtime.version" value="21.0.5+11-Ubuntu-1ubuntu124.04"/>
    <property name="user.name" value="rovi"/>
    <property name="stdout.encoding" value="UTF-8"/>
    <property name="path.separator" value=":"/>
    <property name="os.version" value="6.8.0-51-generic"/>
    <property name="java.runtime.name" value="OpenJDK Runtime Environment"/>
    <property name="file.encoding" value="UTF-8"/>
    <property name="java.vm.name" value="OpenJDK 64-Bit Server VM"/>
    <property name="localRepository" value="/home/rovi/.m2/repository"/>
    <property name="java.vendor.url.bug" value="https://bugs.launchpad.net/ubuntu/+source/openjdk-21"/>
    <property name="java.io.tmpdir" value="/tmp"/>
    <property name="java.version" value="21.0.5"/>
    <property name="user.dir" value="/home/rovi/Desktop/mi-autenticador"/>
    <property name="os.arch" value="amd64"/>
    <property name="java.vm.specification.name" value="Java Virtual Machine Specification"/>
    <property name="native.encoding" value="UTF-8"/>
    <property name="java.library.path" value="/usr/java/packages/lib:/usr/lib/x86_64-linux-gnu/jni:/lib/x86_64-linux-gnu:/usr/lib/x86_64-linux-gnu:/usr/lib/jni:/lib:/usr/lib"/>
    <property name="java.vm.info" value="mixed mode, sharing"/>
    <property name="stderr.encoding" value="UTF-8"/>
    <property name="java.vendor" value="Ubuntu"/>
    <property name="java.vm.version" value="21.0.5+11-Ubuntu-1ubuntu124.04"/>
    <property name="sun.io.unicode.encoding" value="UnicodeLittle"/>
    <property name="java.class.version" value="65.0"/>
  </properties>
  <testcase name="shouldAnswerWithTrue" classname="com.microgestion.keycloak.AppTest" time="0.003"/>
</testsuite>